3 213 266 32
2 242 136
4 259 177 120 44
3 271 176 171
2 12 239
2 141 167
3 156 240 168
2 59 164
3 68 47 8
3 75 35 216
2 112 105
2 256 220
2 265 87
4 282 298 84 253
2 288 128
2 293 93
3 10 52 118
3 95 71 200
3 101 169 267
2 106 198
4 111 269 264 102
3 114 186 110
3 121 262 261
2 152 58
2 181 65
4 185 6 279 90
2 196 79
3 212 289 202
3 243 194 26
3 285 178 34
3 296 208 193
4 11 235 51 60
2 43 72
3 96 97 3
2 98 180
3 119 229 254
4 127 217 215 210
3 201 115 277
2 219 133
3 258 238 62
2 272 225
5 13 241 81 231 184
2 16 33
3 48 55 91
4 63 236 77 86
5 85 273 138 280 137
2 104 157
2 126 195
4 161 190 165 53
3 170 30 41
2 205 0
2 206 234
3 244 189 117
5 290 82 5 100 221
2 1 246
3 25 130 222
2 49 291
3 80 14 2
3 89 31 150
2 94 187
3 131 211 172
2 135 38
2 151 166
2 154 232
3 214 297 29
6 249 276 209 76 255 54
2 257 99
4 260 281 145 57
5 284 61 248 270 275
4 15 113 37 109
4 21 287 175 299
3 50 20 116
2 67 108
3 73 192 40
4 140 45 66 163
2 143 134
4 148 92 292 36
5 203 160 147 251 129
5 204 158 139 17 188
4 207 23 182 144
2 223 218
3 224 69 230
4 226 283 9 64
2 233 7
3 245 252 88
4 294 74 153 191
4 19 237 247 263
3 27 132 286
3 39 78 18
3 42 274 199
3 70 278 56
3 83 183 24
5 103 295 124 46 4
4 107 174 149 122
2 123 22
2 142 179
3 146 250 159
2 155 227
4 162 125 228 28
3 197 173 268
