2 3729 7068
2 8671 7254
2 370 6167
2 1379 5472
2 3248 6057
2 5670 6893
2 6755 6260
2 572 3339
2 5071 4229
2 5186 5439
2 5961 4930
2 6074 2215
2 6119 5193
2 6264 3183
2 6896 3838
2 7329 4370
2 9099 2516
2 9435 5246
2 9615 4821
2 696 1010
2 852 1091
2 1247 2175
2 1248 926
2 2836 2013
2 3099 1381
2 3778 1117
2 4372 1982
2 5440 2106
2 5850 2213
2 9199 933
2 9835 1312
2 1533 8254
2 2048 7813
2 2492 5840
2 2650 8234
2 4130 6436
2 4622 336
2 5034 6630
2 5429 6530
2 5986 9155
2 6071 6719
2 6470 8375
2 6492 5941
2 7278 6751
2 7771 8363
2 7902 134
2 8521 574
2 8552 175
2 9128 7715
2 9502 906
2 9607 9948
2 9689 261
2 9855 8011
2 232 631
2 534 565
2 630 1610
2 975 4017
2 1954 2386
2 3050 5650
2 3545 3164
2 3793 5003
2 4162 4981
2 4495 5502
2 4733 1461
2 4818 1105
2 5798 3787
2 6644 1413
2 7135 2405
2 7258 4194
2 7479 1360
2 7725 2578
2 7830 3190
2 8100 4476
2 8107 5207
2 9004 2499
2 9040 4656
2 9068 940
2 9189 1591
2 9829 1249
2 85 539
2 346 423
