2 2591 350
2 7468 9985
2 4796 4470
2 7227 549
6 8227 379 693 6072 7146 952
2 7948 1421
4 2418 9601 7733 1108
2 2573 584
2 2736 8102
2 3202 3986
2 7206 1512
2 9927 5295
2 4887 8028
2 5982 4255
2 1855 9563
2 9459 8792
2 7110 8815
2 8563 5658
3 9504 6499 5858
2 1880 7097
2 3560 9880
2 7716 6208
2 2660 6825
2 6517 1113
3 8890 486 4830
2 1817 4058
3 2176 5646 6387
4 9121 3774 3733 6904
2 9287 4744
3 1135 6207 4802
2 4027 9636
3 5991 1751 6480
2 7433 507
2 3647 7891
2 4471 852
2 5071 1666
3 5480 6911 7658
2 5903 2851
2 6527 81
2 7325 5307
2 8967 3739
2 476 3693
2 978 2480
2 1000 4135
2 1339 5343
2 3539 249
2 5091 4435
2 6544 6293
2 7581 1842
2 7632 3685
2 306 6150
2 2528 684
2 2718 388
4 3321 4022 6170 5350
2 6686 3438
2 2053 3030
3 2384 3388 2074
3 2581 807 6327
2 2887 2954
3 3654 5813 5344
2 8088 9109
3 8670 2593 7501
2 1159 4068
2 4941 8189
3 5983 5147 6320
3 6321 8929 9229
2 6753 8276
2 203 5245
2 492 457
3 7013 9569 4819
2 8824 7753
2 3358 8290
2 5226 5169
3 8071 3755 6399
2 8306 576
3 1192 2463 2214
3 1399 5821 4015
2 2758 5377
2 5441 2649
2 6190 1286
4 7575 995 8948 4698
2 820 5391
2 4557 5008
3 6377 2502 2882
2 7804 5721
2 8596 9503
3 8773 9519 8661
2 9954 6076
2 1376 688
2 2939 6397
2 4469 7680
2 4793 5072
2 8730 6597
2 9377 8950
2 773 3669
2 7678 5734
2 8303 2693
2 8727 5621
2 1344 6340
2 4646 6197
2 3760 3557
3 4411 251 5802
4 8965 9509 438 3061
3 9483 6914 7703
3 3936 1439 2759
2 4011 2171
2 9824 1316
2 180 9817
2 1555 5954
3 2212 4580 6735
3 6039 8722 9865
2 7025 8035
2 9723 9897
3 1067 7713 5158
3 2346 8490 1533
2 3491 1177
4 3608 1131 6 813
4 4829 8679 8251 2615
2 8192 6913
2 9868 5557
4 9925 3809 2300 5635
2 3341 1560
4 3578 2812 5376 9253
3 3708 8139 8173
2 5968 8958
3 7444 4337 3337
3 8968 3620 609
2 1626 4084
2 2430 4249
2 3207 5782
2 4818 6540
2 5059 3311
2 7061 6430
3 7613 4476 8099
2 7909 7940
3 364 3324 7088
4 7270 9372 9609 3758
2 8253 7373
2 1844 5909
2 2288 5382
2 7773 3430
2 9803 9011
3 563 9999 4727
3 1381 879 3778
2 2445 9848
2 5513 8038
2 5886 6124
8 6252 5679 3635 3650 2510 1481 4069 9385
4 6879 1356 1699 2805
4 9252 2678 8913 3530
2 2951 8520
4 4070 6521 1705 4573
2 4138 3833
2 4483 9231
2 9044 2112
2 9359 5394
2 9520 4572
6 9550 408 742 3552 3702 8946
3 9763 2411 6724
3 719 1706 3325
3 872 6060 4122
2 1114 6217
4 1178 229 3848 5561
5 3381 1118 3134 7036 5732
2 5578 5124
2 7122 6200
4 8184 6129 2298 6245
6 9251 7767 440 5653 722 2876
2 9515 7997
2 1545 1808
4 1778 3246 432 1970
5 3696 9436 4438 8080 5717
2 3709 5140
2 4528 7662
4 4679 4361 7601 4925
2 5478 9735
4 7464 2481 4823 9138
2 7621 7679
2 8402 7929
3 8578 6441 6850
2 9360 867
3 1208 9048 7280
2 1319 789
5 1563 3694 8632 4530 6995
4 2297 2308 3890 5711
3 3614 3312 1959
2 3827 7844
2 4006 1040
3 4420 4241 5776
2 5067 7056
3 5553 1642 7330
3 7147 3850 3320
3 7284 9840 2166
4 7355 8070 5020 5764
2 7362 4373
3 23 4177 3439
4 368 5498 1088 1882
2 4417 6645
4 5371 4465 5138 864
2 5444 9744
3 5649 3111 9845
2 6090 5851
2 6515 6222
3 6591 6518 212
3 6912 437 1936
2 6960 6581
2 7760 4636
3 7809 8319 1615
2 8605 454
2 9530 7561
5 666 1670 7771 8999 2654
4 873 6855 2747 6333
3 1023 1586 622
6 1803 7483 3926 8568 6158 1035
3 2412 5533 8780
3 3824 2983 5570
2 4301 5437
2 4736 5593
2 5969 5705
2 6463 9754
2 7015 2269
4 7347 4419 5669 7152
2 7482 3566
2 7972 6541
3 7990 4320 1400
4 8711 3508 9301 9737
3 9186 9600 7599
3 9349 1562 3278
4 499 3389 4492 3178
2 1027 6692
3 1146 9528 8073
2 1190 5064
5 3147 798 1285 2806 7275
2 3638 5426
2 3861 5910
3 4329 7899 8356
6 5137 8245 2777 3515 5404 3257
2 5332 1776
2 7522 3330
3 8788 6348 97
2 9346 3334
2 9693 8204
2 766 5556
2 835 2896
2 1246 8373
2 2486 4709
3 2866 1652 680
2 3225 636
3 3291 9921 6740
3 4467 5296 7971
5 4520 6988 7947 5294 3689
2 4868 7778
3 5780 4127 1229
2 6018 7176
2 6834 1685
2 7075 9289
2 7506 6762
3 7684 8606 8077
2 8553 7609
2 9418 799
2 310 2191
3 1061 4811 5639
2 1140 3027
3 1874 8397 6894
2 1922 854
6 1973 894 5325 6322 464 5597
2 1998 129
2 2620 2147
2 3088 5134
4 3362 3298 4281 1102
2 3870 6173
2 4588 9920
3 4838 1021 3536
3 6031 4052 5997
2 6143 494
4 7108 1713 3957 313
3 7109 2007 8394
2 7453 3580
3 7913 5891 5171
2 8047 5864
2 8330 7068
2 9249 6647
2 240 6495
5 311 1433 8886 5883 3433
2 943 3135
2 1284 6622
3 3230 3887 1046
2 4325 1978
3 4717 7835 1682
2 4949 2825
2 5979 6547
3 6238 6365 3655
6 6403 4450 137 6801 6015 940
3 6583 1087 7952
3 6610 8278 4913
5 7779 4810 71 9642 9090
3 8719 1478 9702
3 9019 3964 4405
3 9256 8433 7150
2 218 2589
2 923 9613
2 1018 4936
2 1022 9548
5 1105 6319 5589 4763 8996
2 1546 581
3 1956 8718 2735
2 2448 4863
5 4644 3145 25 258 9055
5 7346 1411 5255 948 230
2 8571 8326
2 9910 362
2 9914 6910
2 641 3008
4 1529 8340 2998 6560
2 1785 2343
2 2177 1289
3 2541 3903 285
2 2709 1416
2 3367 7635
3 3729 31 2125
3 4317 6514 3810
2 5254 5842
3 5975 5334 723
2 7458 1709
2 9740 6509
6 2015 4629 1459 2237 9986 8048
2 2265 9541
2 3086 1676
2 4604 4772
2 5573 7957
2 5985 881
2 7655 8830
2 8000 935
2 8422 6298
5 1002 1789 6477 6644 9748
3 2099 1009 4898
5 4048 8200 4774 1847 3315
2 4321 4950
5 7862 7113 594 2476 7119
2 8111 7534
6 8758 613 7854 1216 7410 568
2 89 3722
4 2751 9258 3742 9076
4 3193 9732 5828 4214
2 7376 687
4 9449 1821 2677 7650
2 174 1016
5 233 5950 8762 1633 320
6 6745 39 2977 4191 712 6484
3 7936 8982 819
4 1143 3516 18 1721
2 3288 6362
3 5562 0 1186
2 5742 4493
4 6744 1763 3020 8809
2 8994 3091
5 9913 3751 4500 9585 415
3 4352 8119 2556
2 7432 5000
3 8878 4390 9072
3 9864 6665 6965
2 2669 524
2 5281 474
5 1206 6548 8975 5604 1385
3 7383 7218 9686
4 1695 3504 6127 5479
5 2717 1736 1610 5811 3104
2 9049 6607
4 9579 8793 7519 8244
2 3705 4475
3 4948 9750 767
5 7379 4559 2582 6845 5168
5 1194 7239 262 8430 332
3 5919 1426 9462
3 8599 3633 7314
5 4836 8895 605 8240 318
3 9489 2172 6114
4 1037 4005 8726 4939
5 4065 3163 4100 3265 2760
3 6600 8581 7815
5 8546 5317 7153 4275 600
3 211 4181 8031
3 384 5141 9403
4 908 264 1849 905
3 1269 1427 589
3 389 6152 3828
3 768 9451 8297
4 5914 6382 1893 2619
7 2944 3507 9021 6889 329 2509 5164
3 3161 4412 1422
2 3272 8348
4 3767 884 6614 9804
3 7196 1442 9463
2 7600 4043
5 4523 9663 5197 7784 6226
2 1015 8239
5 2359 7528 3297 5348 1513
5 2981 2710 6520 831 624
2 3028 3055
2 3252 643
