3 2634 2107 7598
4 3663 1473 7936 3608
4 4780 1006 7234 7312
5 347 9572 9347 5193 3169
4 2174 3769 6121 1711
5 2484 8672 8265 5033 5010
4 2882 2668 9154 3259
8 3171 9940 942 1375 2170 6235 2451 5506
7 3417 1702 5087 9374 5527 5666 1377
3 4032 2623 1387
3 5002 6614 1504
3 5221 5988 941
3 8729 6625 8666
4 1181 5375 5738 855
6 1215 3416 5618 9873 1990 9267
3 1875 3595 2391
4 2216 8402 1363 6998
4 2280 852 4821 2358
5 2796 9170 7537 2630 8878
3 3173 694 5027
4 6975 7938 3554 6866
6 7009 3686 7626 8032 7021 8937
5 8135 3000 47 5107 7151
6 8770 4337 3404 2956 124 9818
7 8833 1352 9830 6415 2016 960 1764
2 8887 9561
5 8941 3901 518 2611 9
3 9841 4789 7327
7 123 5426 2366 4643 8167 3143 6750
5 1216 5196 8317 8636 1585
6 1743 6108 8782 2936 9799 6460
8 1910 4686 8081 3979 3472 2267 5320 7032
4 2729 1027 7215 3911
3 2925 2480 4099
7 3430 8684 4270 5882 9697 6511 4174
6 3853 4752 2895 2809 3952 7865
4 4105 9358 6216 83
4 4490 1268 4915 3164
9 4757 736 954 8735 4155 1209 616 8395 5583
3 5016 969 4653
5 5360 4820 265 9604 5332
3 5418 5885 4311
3 5536 4771 2139
6 7563 5468 7140 9152 1778 5488
4 7804 6371 9982 3647
2 7899 194
5 8189 4437 6598 1766 1898
7 9823 6039 3727 8514 283 3531 8624
5 281 699 7885 2497 6256
4 288 1050 7917 2335
7 947 1625 5778 7895 5398 4678 512
4 1073 3059 1627 7976
4 2182 8879 7264 7605
4 2444 3857 7577 7268
5 3358 1079 7165 1635 5516
3 3508 1154 5705
5 4410 8084 9082 7559 5742
2 4594 1614
6 4694 6048 4439 7998 4978 3152
7 4819 6691 8243 4042 7903 2423 6708
3 5216 2436 2426
3 5232 2388 5195
3 5631 1648 5415
4 5685 8771 6173 4759
8 6190 8900 2498 5747 637 8412 6014 1081
6 6619 9064 6960 4635 9784 9568
7 6754 799 8965 978 7654 6091 7680
6 7065 7105 9919 1428 2565 9992
4 7495 7055 5674 4577
4 7521 845 2338 9081
2 7568 8653
9 8027 883 7237 6916 5507 6626 2249 3642 9286
5 8218 4254 2952 2103 1194
5 8346 8845 5789 8618 266
5 8476 235 1010 3808 8418
8 8626 5139 7734 8146 5779 9431 9527 7883
5 9525 9004 1594 85 1549
5 213 148 8744 6596 8143
4 464 9900 2681 9190
4 516 9774 1651 5259
6 568 1061 6074 3444 8385 6971
3 624 9192 2373
6 636 4226 1478 5257 4331 716
7 832 8007 9965 9579 8443 2504 8877
7 1078 6478 8640 5930 5007 3048 5282
9 1598 5750 6903 1538 2807 7608 277 6422 3055
5 1624 6377 6755 5561 4732
4 1902 6947 7341 3507
5 2260 2067 7631 3232 5403
4 2382 4537 511 6657
4 2702 4762 411 6168
7 2930 1996 6552 3662 6325 3386 7363
5 2975 948 2054 4275 505
6 3320 604 3512 7319 977 7331
5 3397 4020 3074 8964 6032
6 4075 2454 8068 5317 697 9562
6 4083 8728 9950 843 6787 2965
4 5275 1212 9481 4520
4 5276 8768 6090 1813
4 5280 3188 4901 758
5 5292 4340 5754 98 3122
4 5513 3555 3748 2801
5 5956 5111 9786 8314 1292
4 6338 2850 6441 6768
4 6513 126 7908 701
4 6932 9650 582 1229
3 7100 7207 5296
6 7310 3572 3352 9724 7527 5420
2 7533 2195
4 7553 5635 5044 174
5 7682 9748 4256 9969 1802
4 7956 8955 3375 9467
7 8380 889 8037 7593 8470 4184 2342
5 9043 9028 1129 4605 6578
7 9200 689 9222 6443 4585 4871 8178
3 9214 7368 4343
3 9377 7492 2743
9 188 598 1102 9103 9269 79 6142 7911 1342
4 220 4866 6148 4090
9 473 6438 5463 6126 6465 6169 4963 9343 5084
5 1019 1930 1739 9404 3153
4 1032 211 9837 7894
7 1046 17 1705 491 6264 2587 8980
2 1397 3548
6 1402 3609 1101 8749 4644 4639
4 1661 9991 7134 3272
4 1714 6823 9958 9659
5 1797 9633 4897 7641 2928
4 1887 6760 2217 2526
4 2546 1533 1773 8798
6 2891 2883 4961 869 7326 1899
4 2902 8631 3116 9688
4 2953 2712 8465 4115
5 3029 160 9071 6479 5399
6 3045 5774 3826 7718 9895 4021
6 3242 6295 8095 4516 1868 8558
4 3412 3723 2719 7597
5 3452 9582 3958 6207 6725
4 3891 730 419 9762
6 4145 9026 2099 6133 819 3347
5 4258 4956 1367 6051 256
5 4309 5072 1697 6017 1359
5 4474 9898 7687 5392 878
7 4533 3246 8622 9188 2007 722 9983
8 4647 1166 2893 661 3645 6680 4875 6152
5 4976 3002 5365 5690 8910
3 5029 9600 5122
7 5171 1413 3263 7019 5402 9354 2410
5 5201 6606 622 202 9861
3 5250 1596 4566
7 5412 2355 5379 1396 8784 9741 768
5 5651 3070 2371 1911 7648
4 5676 1812 2528 1700
5 5715 1727 8216 7049 7191
6 5867 5531 7440 7050 7540 4017
3 6141 2994 42
10 6211 4414 4133 6899 882 2143 1991 9860 7722 2549
2 6246 3721
6 6510 6019 4407 9645 6172 3851
6 6912 4487 7591 287 9255 1408
5 7359 7223 9916 7688 8996
7 7425 3749 4569 2505 936 4347 1450
3 7924 3810 3400
3 8110 9558 1689
4 8222 3509 6279 4243
3 8302 3870 7621
9 8330 1613 7788 9894 3840 1678 870 7652 5479
7 8339 9736 9729 3750 8792 6730 8573
6 8426 9193 7805 8479 9478 7676
4 8485 6663 5723 9187
5 8497 8075 3422 8351 2916
4 8500 6435 647 6493
6 8584 3600 9514 7970 7260 4454
5 8720 20 7178 4916 7815
6 8763 632 5294 8548 1993 8717
2 8816 6378
6 8948 9673 4208 2737 2661 7708
3 9018 9204 2106
4 9225 2349 6575 6267
5 9642 5849 3403 6088 6603
6 9813 5559 574 3038 8909 3579
5 9877 3861 2059 8670 8471
6 43 6858 8776 9015 1199 4433
7 92 7095 8803 6650 3529 2367 2474
6 207 8409 6974 7315 4361 4027
6 238 4782 2290 8113 6405 1749
4 315 8180 3227 5477
4 351 8307 4329 1134
9 466 6697 1249 649 9656 3279 1653 6065 7931
6 477 1098 9300 6907 5240 739
5 547 2814 8240 7348 1865
7 569 1853 818 6012 3829 6164 676
8 650 827 4029 6577 4512 6830 7187 793
6 653 1917 7490 1665 9770 3560
6 743 8542 3993 6810 3504 7006
7 1003 5816 3712 7602 439 9212 2395
4 1058 6447 7756 6145
4 1357 5021 6202 110
6 1442 1341 725 5812 75 8423
3 1479 1298 5082
5 1756 1261 9335 2980 5577
7 1845 4508 3688 2431 4965 4014 2442
6 1877 2537 497 362 4576 7777
4 2025 2211 5823 1066
4 2135 1629 5921 2599
4 2309 9847 8114 1433
7 2337 7835 272 9161 6179 1921 4323
4 2776 6240 6537 422
3 2810 4539 9760
4 2874 565 9643 9891
5 3178 3424 7934 3876 7891
5 3624 7192 860 7775 8450
4 3671 3157 3818 1691
5 3782 9597 6923 5470 5058
3 3909 6835 7566
2 4037 4355
8 4123 2096 6662 6324 9438 2879 6576 4764
3 4182 8096 8267
4 4341 9108 7471 5815
5 4453 3154 8387 4977 198
7 4572 5961 6909 205 4890 7534 4375
6 4806 8918 1001 6843 7907 2021
3 4908 9307 4067
5 4932 5795 5729 4690 2323
5 5054 7839 2530 4087 6837
3 5178 1637 2846
6 5198 8269 3948 2556 7886 4293
6 5262 8962 5870 7817 2149 58
4 5359 4962 5273 1407
3 5386 6055 4974
6 5411 7600 5575 3008 1445 7103
5 5436 4094 321 9510 2263
4 5533 2907 6804 8933
6 5629 4412 7214 2781 8753 1779
5 5827 6249 2942 1289 6968
9 5896 4079 9545 2292 8225 3062 4419 1864 5832
8 5911 8859 3127 5902 7905 3758 6135 4383
3 6066 2288 3316
4 6159 5698 8009 6213
4 6290 578 9827 8440
7 6433 2579 2160 7741 8151 6301 4074
4 6506 5953 3107 465
3 6555 8799 2245
7 6556 3102 5936 7004 1851 7649 4860
6 6600 243 8456 3868 973 1376
4 6670 2467 2157 3060
8 6756 1250 1639 5678 6564 2561 1793 8906
3 6784 8629 7007
5 6872 381 9318 3570 8273
5 6948 6271 9544 1177 428
5 7064 5872 3334 2678 6488
8 7069 4968 9723 8132 2901 4063 8194 7701
6 7072 7750 7517 1522 2155 4393
3 7362 6491 4574
3 7854 4131 1293
5 8100 4502 7996 7414 5797
4 8308 2786 8696 3155
5 8526 5045 617 3399 7267
6 8532 7271 4118 759 5987 839
7 8642 9331 517 5491 836 233 1589
8 8752 8148 2329 4793 5551 2134 7460 5116
6 8791 7094 3421 5897 4188 9251
3 8809 5453 5603
8 8901 1859 9905 2115 651 953 9346 5587
4 8982 6761 3021 5053
4 9309 7168 6806 8462
4 9333 7153 849 8482
4 9381 469 7796 6812
4 9548 1231 2296 4442
4 9551 1327 2518 1436
3 9704 3436 9389
7 9708 4564 3253 1296 9819 1508 6215
3 9715 8805 1290
4 9796 1977 7417 6046
4 9849 5571 7010 7380
2 9914 2632
5 67 4287 8959 7502 1566
5 121 2275 4767 9932 6719
3 282 3082 5298
6 356 9482 2449 9109 8392 916
5 420 8772 8596 5208 7349
6 551 173 6976 3906 9163 7910
4 555 4940 5065 4446
5 608 6534 6717 4300 1730
7 610 5304 2300 3988 1136 4747 5964
5 692 5231 7997 5255 5476
4 756 814 447 8569
6 791 4859 8810 3030 3767 4318
6 797 5928 7422 5410 537 553
4 974 224 2254 8908
5 1223 9972 3633 2507 3544
6 1415 9327 9411 41 519 5205
4 1454 5042 8311 4334
7 1577 8534 7659 5184 641 5486 5233
6 1595 9462 4695 9555 900 2351
3 1718 7774 5390
5 1788 9229 6542 63 3078
7 1822 1103 64 8804 3530 6632 6304
8 1961 3464 9452 4556 4235 5473 3634 8709
5 1978 2291 5991 470 5627
5 2022 6573 6496 7555 811
6 2394 4815 6305 1946 7272 2120
5 2417 8682 3080 4171 7374
8 2453 5616 8275 9025 951 7806 592 6231
4 2523 4540 6627 6509
6 2524 901 8363 2915 9768 7117
4 2742 732 5644 2992
8 3034 104 566 4998 5591 824 2406 4785
8 3234 9550 2273 5050 3918 4418 5269 8577
4 3300 6673 3708 2656
5 3655 7424 9782 7690 1152
6 3790 3597 4283 1237 9138 5245
4 3928 9423 4625 7450
5 3946 1540 3913 7162 6221
5 4013 8690 5284 531 4529
5 4173 1731 796 7063 9219
5 4222 3120 2985 9577 4215
8 4307 6471 9595 3800 6637 6561 3517 3821
6 4602 25 7542 7930 496 8464
5 4632 167 4881 5707 2771
6 4663 317 9353 4461 2494 684
4 4669 3057 2084 1909
7 4776 2824 714 2716 6639 5638 3275
5 4943 748 4012 711 1380
3 5285 1185 6310
5 5346 3004 9918 6588 600
3 5361 4964 361
7 5478 5578 1747 4608 5950 1099 1724
4 5496 9311 7820 687
5 5568 244 6157 5517 1621
3 5854 8932 7607
3 6008 2783 6815
5 6080 1874 7968 7887 434
6 6210 1841 3493 6898 8694 7869
7 6277 66 4305 4016 7194 3071 184
6 6409 8336 442 3024 9556 6123
5 6490 2008 6149 5211 8264
4 6526 4426 6865 6796
6 6646 8643 5813 7478 2791 1680
3 6751 6906 5869
5 6765 737 8062 2894 2147
5 6774 7520 6952 3006 4944
5 6957 7923 5621 9700 9236
6 7046 9519 4775 5204 4659 5803
7 7056 6611 5099 9102 4058 7456 3216
3 7322 9418 9095
5 7324 8707 8574 9941 2766
2 7364 6819
7 7650 1575 4297 3668 3580 6413 2439
8 7790 3089 7647 556 7965 503 2659 2984
